Arguments: 
  /Users/nicoelzer/.nvm/versions/node/v12.18.4/bin/node /usr/local/Cellar/yarn/1.22.10/libexec/bin/yarn.js start

PATH: 
  /Users/nicoelzer/.nvm/versions/node/v12.18.4/bin:/Users/nicoelzer/.local/share/solana/install/active_release/bin:/Users/nicoelzer/.cargo/bin:/Library/Frameworks/Python.framework/Versions/3.8/bin:/Users/nicoelzer/.local/share/solana/install/active_release/bin:/Users/nicoelzer/.cargo/bin:/usr/local/bin:/usr/bin:/bin:/usr/sbin:/sbin:/usr/local/share/npm/bin:/Library/Apple/usr/bin:/Users/nicoelzer/.nvm/versions/node/v12.18.4/bin:/Users/nicoelzer/.local/share/solana/install/active_release/bin:/Users/nicoelzer/.cargo/bin:/Library/Frameworks/Python.framework/Versions/3.8/bin:/Users/nicoelzer/.darknode/bin:/Users/nicoelzer/.darknode/bin

Yarn version: 
  1.22.10

Node version: 
  12.18.4

Platform: 
  darwin x64

Trace: 
  SyntaxError: /Users/nicoelzer/development_projects/DXdao-governance-refunds/package.json: Unexpected token } in JSON at position 514
      at JSON.parse (<anonymous>)
      at /usr/local/Cellar/yarn/1.22.10/libexec/lib/cli.js:1625:59
      at Generator.next (<anonymous>)
      at step (/usr/local/Cellar/yarn/1.22.10/libexec/lib/cli.js:310:30)
      at /usr/local/Cellar/yarn/1.22.10/libexec/lib/cli.js:321:13

npm manifest: 
  {
    "name": "dxdao-governance-refunds-contracts",
    "version": "0.0.1",
    "scripts": {
      "start": "node resetTransactions && node getTransactions && node aggregateTransactions && node calculateReimbursements",
      "reset": "node resetTransactions && rimraf artifacts && rimraf cache && rimraf coverage && rimraf coverage.json",
      "build": "rimraf artifacts && rimraf cache && npx hardhat compile",
      "deploy:xdai": "hardhat deploy --network xdai",
      "deploy:mainnet": "hardhat deploy --network mainnet",
    },
    "repository": {
      "type": "git",
      "url": "git+https://github.com/nicoelzer/dxdao-governance-refunds-contracts.git"
    },
    "license": "AGPL-3.0-only",
    "homepage": "https://github.com/nicoelzer/dxdao-governance-refunds-contracts#readme",
    "dependencies": {
      "@nomiclabs/hardhat-ganache": "^2.0.0",
      "@nomiclabs/hardhat-truffle5": "^2.0.0",
      "@nomiclabs/hardhat-waffle": "^2.0.1",
      "@truffle/hdwallet-provider": "^1.0.36",
      "dotenv": "^8.2.0",
      "truffle": "^5.1.32"
    },
    "devDependencies": {
      "@nomiclabs/hardhat-ethers": "^2.0.1",
      "@nomiclabs/hardhat-web3": "^2.0.0",
      "chai": "^4.2.0",
      "chain": "^0.1.3",
      "ethereum-waffle": "^3.2.2",
      "ethers": "^5.0.26",
      "hardhat": "^2.0.8",
      "mocha": "^7.2.0",
      "prettier": "^2.0.5",
      "prettier-plugin-solidity": "^1.0.0-alpha.54",
      "solhint": "^2.3.1",
      "solhint-plugin-prettier": "^0.0.4",
      "solidity-coverage": "^0.7.9"
    }
  }

yarn manifest: 
  No manifest

Lockfile: 
  No lockfile
